<?xml version="1.0" encoding="UTF-8"?>
<!-- Generated by org.testng.reporters.JUnitReportReporter -->
<testsuite hostname="DESKTOP-9GHGL3I" failures="0" tests="1" name="Maven.Demo" time="7.484" errors="0" timestamp="2024-02-26T11:07:47 GST" skipped="0">
  <testcase classname="Maven.Demo" name="test" time="7.484"/>
  <system-out/>
</testsuite> <!-- Maven.Demo -->
